<?xml version="1.0" encoding="UTF-8"?>
<testng-results skipped="0" failed="0" ignored="0" total="1" passed="1">
  <reporter-output>
  </reporter-output>
  <suite name="Suite" duration-ms="17858" started-at="2018-09-03T09:58:11Z" finished-at="2018-09-03T09:58:28Z">
    <groups>
    </groups>
    <test name="Test" duration-ms="17858" started-at="2018-09-03T09:58:11Z" finished-at="2018-09-03T09:58:28Z">
      <class name="fb">
        <test-method status="PASS" signature="testCase1()[pri:0, instance:fb@3c0ecd4b]" name="testCase1" duration-ms="17825" started-at="2018-09-03T09:58:11Z" finished-at="2018-09-03T09:58:28Z">
          <reporter-output>
          </reporter-output>
        </test-method> <!-- testCase1 -->
      </class> <!-- fb -->
    </test> <!-- Test -->
  </suite> <!-- Suite -->
</testng-results>
