<?xml version="1.0" encoding="UTF-8"?>
<testng-results skipped="0" failed="0" ignored="0" total="1" passed="1">
  <reporter-output>
  </reporter-output>
  <suite name="Default suite" duration-ms="47207" started-at="2018-09-06T10:35:31Z" finished-at="2018-09-06T10:36:18Z">
    <groups>
    </groups>
    <test name="Default test" duration-ms="47207" started-at="2018-09-06T10:35:31Z" finished-at="2018-09-06T10:36:18Z">
      <class name="Facebook">
        <test-method status="PASS" signature="main()[pri:0, instance:Facebook@1500955a]" name="main" duration-ms="26498" started-at="2018-09-06T10:35:31Z" finished-at="2018-09-06T10:35:57Z">
          <reporter-output>
          </reporter-output>
        </test-method> <!-- main -->
        <test-method status="PASS" signature="skip()[pri:0, instance:Facebook@1500955a]" name="skip" is-config="true" duration-ms="20678" started-at="2018-09-06T10:35:57Z" finished-at="2018-09-06T10:36:18Z">
          <reporter-output>
          </reporter-output>
        </test-method> <!-- skip -->
      </class> <!-- Facebook -->
    </test> <!-- Default test -->
  </suite> <!-- Default suite -->
</testng-results>
